<?xml version="1.0" encoding="UTF-8"?>
<!-- Generated by org.testng.reporters.JUnitReportReporter -->
<testsuite hostname="LAPTOP-PVQMCOTU" failures="0" tests="2" name="com.maven.org.TestNg.IgnoreTest" time="0.015" errors="0" timestamp="2021-03-25T17:58:45 IST" skipped="1">
  <testcase classname="com.maven.org.TestNg.IgnoreTest" name="SearchLaptop" time="0.015"/>
  <testcase classname="com.maven.org.TestNg.IgnoreTest" name="Searchmobile">
    <skipped/>
  </testcase> <!-- Searchmobile -->
</testsuite> <!-- com.maven.org.TestNg.IgnoreTest -->
