<?xml version="1.0" encoding="UTF-8"?>
<!-- Generated by org.testng.reporters.JUnitReportReporter -->
<testsuite hostname="LAPTOP-PVQMCOTU" failures="0" tests="2" name="com.maven.org.TestNg.Simpleannotation" time="0.010" errors="0" timestamp="2021-03-25T18:22:41 IST" skipped="0">
  <testcase classname="com.maven.org.TestNg.Simpleannotation" name="searchMobile" time="0.002"/>
  <testcase classname="com.maven.org.TestNg.Simpleannotation" name="logOut" time="0.008"/>
</testsuite> <!-- com.maven.org.TestNg.Simpleannotation -->
