<?xml version="1.0" encoding="UTF-8"?>
<!-- Generated by org.testng.reporters.JUnitReportReporter -->
<testsuite hostname="LAPTOP-PVQMCOTU" failures="0" tests="4" name="com.maven.org.TestNg.Grouptestng" time="0.043" errors="0" timestamp="2021-03-25T18:22:52 IST" skipped="0">
  <testcase classname="com.maven.org.TestNg.Grouptestng" name="empId" time="0.036"/>
  <testcase classname="com.maven.org.TestNg.Grouptestng" name="empMobile" time="0.002"/>
  <testcase classname="com.maven.org.TestNg.Grouptestng" name="empsalary" time="0.002"/>
  <testcase classname="com.maven.org.TestNg.Grouptestng" name="empName" time="0.003"/>
</testsuite> <!-- com.maven.org.TestNg.Grouptestng -->
