<?xml version="1.0" encoding="UTF-8"?>
<!-- Generated by org.testng.reporters.JUnitReportReporter -->
<testsuite hostname="LAPTOP-PVQMCOTU" failures="0" tests="3" name="com.maven.org.TestNg.Parallel" time="19.773" errors="0" timestamp="2021-03-25T18:58:37 IST" skipped="0">
  <testcase classname="com.maven.org.TestNg.Parallel" name="Instagram" time="7.736"/>
  <testcase classname="com.maven.org.TestNg.Parallel" name="Facebook" time="7.183"/>
  <testcase classname="com.maven.org.TestNg.Parallel" name="Google" time="4.854"/>
</testsuite> <!-- com.maven.org.TestNg.Parallel -->
