<?xml version="1.0" encoding="UTF-8"?>
<!-- Generated by org.testng.reporters.JUnitReportReporter -->
<testsuite hostname="LAPTOP-PVQMCOTU" failures="0" tests="2" name="com.maven.org.TestNg.Exceptiontest" time="0.018" errors="0" timestamp="2021-03-25T18:47:33 IST" skipped="0">
  <testcase classname="com.maven.org.TestNg.Exceptiontest" name="add" time="0.016"/>
  <testcase classname="com.maven.org.TestNg.Exceptiontest" name="divide" time="0.002"/>
</testsuite> <!-- com.maven.org.TestNg.Exceptiontest -->
